<?xml version="1.0" encoding="UTF-8"?>
<!-- Generated by org.testng.reporters.JUnitXMLReporter -->
<testsuite ignored="0" hostname="DESKTOP-BVQ58V9" failures="0" tests="6" name="Surefire test" time="0.07" errors="0" timestamp="2020-06-03T15:54:44 IST">
  <testcase classname="qaclickacademy.Mavenjava.AppiumTest" name="IOSApps" time="0.003"/>
  <testcase classname="qaclickacademy.Mavenjava.AppiumTest" name="NativeAppAndroid" time="0.0"/>
  <testcase classname="qaclickacademy.Mavenjava.RESTAPITest" name="deleteTwitter" time="0.0"/>
  <testcase classname="qaclickacademy.Mavenjava.RESTAPITest" name="postJira" time="0.0"/>
  <testcase classname="qaclickacademy.Mavenjava.SeleniumTest" name="BrowserAutomation" time="0.0"/>
  <testcase classname="qaclickacademy.Mavenjava.SeleniumTest" name="ElementsUI" time="0.0"/>
</testsuite> <!-- Surefire test -->
