<?xml version="1.0" encoding="UTF-8"?>
<testng-results ignored="0" total="6" passed="6" failed="0" skipped="0">
  <reporter-output>
  </reporter-output>
  <suite started-at="2020-06-03T15:54:44 IST" name="Surefire suite" finished-at="2020-06-03T15:54:44 IST" duration-ms="70">
    <groups>
    </groups>
    <test started-at="2020-06-03T15:54:44 IST" name="Surefire test" finished-at="2020-06-03T15:54:44 IST" duration-ms="70">
      <class name="qaclickacademy.Mavenjava.AppiumTest">
        <test-method signature="IOSApps()[pri:0, instance:qaclickacademy.Mavenjava.AppiumTest@32a068d1]" started-at="2020-06-03T15:54:44 IST" name="IOSApps" finished-at="2020-06-03T15:54:44 IST" duration-ms="3" status="PASS">
          <reporter-output>
          </reporter-output>
        </test-method> <!-- IOSApps -->
        <test-method signature="NativeAppAndroid()[pri:0, instance:qaclickacademy.Mavenjava.AppiumTest@32a068d1]" started-at="2020-06-03T15:54:44 IST" name="NativeAppAndroid" finished-at="2020-06-03T15:54:44 IST" duration-ms="0" status="PASS">
          <reporter-output>
          </reporter-output>
        </test-method> <!-- NativeAppAndroid -->
      </class> <!-- qaclickacademy.Mavenjava.AppiumTest -->
      <class name="qaclickacademy.Mavenjava.RESTAPITest">
        <test-method signature="deleteTwitter()[pri:0, instance:qaclickacademy.Mavenjava.RESTAPITest@33cb5951]" started-at="2020-06-03T15:54:44 IST" name="deleteTwitter" finished-at="2020-06-03T15:54:44 IST" duration-ms="0" status="PASS">
          <reporter-output>
          </reporter-output>
        </test-method> <!-- deleteTwitter -->
        <test-method signature="postJira()[pri:0, instance:qaclickacademy.Mavenjava.RESTAPITest@33cb5951]" started-at="2020-06-03T15:54:44 IST" name="postJira" finished-at="2020-06-03T15:54:44 IST" duration-ms="0" status="PASS">
          <reporter-output>
          </reporter-output>
        </test-method> <!-- postJira -->
      </class> <!-- qaclickacademy.Mavenjava.RESTAPITest -->
      <class name="qaclickacademy.Mavenjava.SeleniumTest">
        <test-method signature="BrowserAutomation()[pri:0, instance:qaclickacademy.Mavenjava.SeleniumTest@365c30cc]" started-at="2020-06-03T15:54:44 IST" name="BrowserAutomation" finished-at="2020-06-03T15:54:44 IST" duration-ms="0" status="PASS">
          <reporter-output>
          </reporter-output>
        </test-method> <!-- BrowserAutomation -->
        <test-method signature="ElementsUI()[pri:0, instance:qaclickacademy.Mavenjava.SeleniumTest@365c30cc]" started-at="2020-06-03T15:54:44 IST" name="ElementsUI" finished-at="2020-06-03T15:54:44 IST" duration-ms="0" status="PASS">
          <reporter-output>
          </reporter-output>
        </test-method> <!-- ElementsUI -->
      </class> <!-- qaclickacademy.Mavenjava.SeleniumTest -->
    </test> <!-- Surefire test -->
  </suite> <!-- Surefire suite -->
</testng-results>
